<?xml version="1.0" encoding="utf-8"?>
<CatapultTargetOutput
  GeneratedTarget="/Output/CKniffin/MSPMgrNewFeatures/MSPMgrNewFeatures.docx"
  BuildVersion="16.0.7426.25547">
  <Files>
    <Url
      Source="Output/CKniffin/MSPMgrNewFeatures/resources/images/coverart/splash.png" />
    <Url
      Source="Output/CKniffin/MSPMgrNewFeatures/resources/images/mspmscreenshots/logintoodatafeed.png" />
    <Url
      Source="Output/CKniffin/MSPMgrNewFeatures/resources/images/logo-n-able-msp-manager.png" />
    <Url
      Source="Output/CKniffin/MSPMgrNewFeatures/resources/images/logo-n-able-msp-manager-small.png" />
    <Url
      Source="Output/CKniffin/MSPMgrNewFeatures/resources/images/splash.png" />
    <Url
      Source="Output/CKniffin/MSPMgrNewFeatures/resources/images/mspmscreenshots/selectodata.png" />
    <Url
      Source="Output/CKniffin/MSPMgrNewFeatures/resources/images/mspmscreenshots/odatapowerquery.png" />
    <Url
      Source="Output/CKniffin/MSPMgrNewFeatures/MSPMgrNewFeatures.docx" />
    <Url
      Source="Output/CKniffin/MSPMgrNewFeatures/resources/images/mspmscreenshots/odatafeed.png" />
  </Files>
  <Skins />
</CatapultTargetOutput>